#
# There is insufficient memory for the Java Runtime Environment to continue.
# Native memory allocation (malloc) failed to allocate 32744 bytes for ChunkPool::allocate
# Possible reasons:
#   The system is out of physical RAM or swap space
#   The process is running with CompressedOops enabled, and the Java Heap may be blocking the growth of the native heap
# Possible solutions:
#   Reduce memory load on the system
#   Increase physical memory or swap space
#   Check if swap backing store is full
#   Decrease Java heap size (-Xmx/-Xms)
#   Decrease number of Java threads
#   Decrease Java thread stack sizes (-Xss)
#   Set larger code cache with -XX:ReservedCodeCacheSize=
#   JVM is running with Unscaled Compressed Oops mode in which the Java heap is
#     placed in the first 4GB address space. The Java Heap base address is the
#     maximum limit for the native heap growth. Please use -XX:HeapBaseMinAddress
#     to set the Java Heap base and to place the Java Heap above 4GB virtual address.
# This output file may be truncated or incomplete.
#
#  Out of Memory Error (./src/hotspot/share/memory/arena.cpp:81), pid=15220, tid=14832
#
# JRE version: OpenJDK Runtime Environment (11.0.11+9) (build 11.0.11+9-b60-7590822)
# Java VM: OpenJDK 64-Bit Server VM (11.0.11+9-b60-7590822, mixed mode, tiered, compressed oops, g1 gc, windows-amd64)
# No core dump will be written. Minidumps are not enabled by default on client versions of Windows
#

---------------  S U M M A R Y ------------

Command Line: --add-opens=java.base/java.util=ALL-UNNAMED --add-opens=java.base/java.lang=ALL-UNNAMED --add-opens=java.base/java.lang.invoke=ALL-UNNAMED --add-opens=java.base/java.util=ALL-UNNAMED --add-opens=java.prefs/java.util.prefs=ALL-UNNAMED --add-opens=java.prefs/java.util.prefs=ALL-UNNAMED --add-opens=java.base/java.nio.charset=ALL-UNNAMED --add-opens=java.base/java.net=ALL-UNNAMED --add-opens=java.base/java.util.concurrent.atomic=ALL-UNNAMED -Xmx1536M -Dfile.encoding=windows-1252 -Duser.country=US -Duser.language=en -Duser.variant org.gradle.launcher.daemon.bootstrap.GradleDaemon 7.4

Host: Intel(R) Core(TM) i5-4310U CPU @ 2.00GHz, 4 cores, 11G,  Windows 10 , 64 bit Build 19041 (10.0.19041.1889)
Time: Tue Sep 13 22:25:40 2022 Pacific Daylight Time elapsed time: 61.366304 seconds (0d 0h 1m 1s)

---------------  T H R E A D  ---------------

Current thread (0x000001efe6369800):  JavaThread "C1 CompilerThread0" daemon [_thread_in_native, id=14832, stack(0x000000d9cde00000,0x000000d9cdf00000)]


Current CompileTask:
C1:  61366 2668       3       java.lang.PublicMethods::merge (81 bytes)

Stack: [0x000000d9cde00000,0x000000d9cdf00000]
Native frames: (J=compiled Java code, j=interpreted, Vv=VM code, C=native code)
V  [jvm.dll+0x5f214a]
V  [jvm.dll+0x726fb5]
V  [jvm.dll+0x7285cd]
V  [jvm.dll+0x728c83]
V  [jvm.dll+0x243278]
V  [jvm.dll+0xbc78b]
V  [jvm.dll+0xbca3c]
V  [jvm.dll+0x11e600]
V  [jvm.dll+0x12bfd0]
V  [jvm.dll+0x12c250]
V  [jvm.dll+0x12fb6f]
V  [jvm.dll+0x12e012]
V  [jvm.dll+0x1278e6]
V  [jvm.dll+0x137f26]
V  [jvm.dll+0x137dd9]
V  [jvm.dll+0x123749]
V  [jvm.dll+0x123a9a]
V  [jvm.dll+0x123c93]
V  [jvm.dll+0x122fa7]
V  [jvm.dll+0x124b77]
V  [jvm.dll+0x209a57]
V  [jvm.dll+0x2082a1]
V  [jvm.dll+0x6ef58f]
V  [jvm.dll+0x6e80b5]
V  [jvm.dll+0x5f1036]
C  [ucrtbase.dll+0x21bb2]
C  [KERNEL32.DLL+0x17034]
C  [ntdll.dll+0x52651]


---------------  P R O C E S S  ---------------

Threads class SMR info:
_java_thread_list=0x000001efe919a000, length=30, elements={
0x000001efcb2de800, 0x000001efe5afe800, 0x000001efe5b05000, 0x000001efe635d000,
0x000001efe635e800, 0x000001efe6360000, 0x000001efe6364000, 0x000001efe6369800,
0x000001efe636e800, 0x000001efe64cc800, 0x000001efe7498000, 0x000001efe77e3800,
0x000001efe8b64000, 0x000001efe8fe6800, 0x000001efe82d3800, 0x000001efe6987000,
0x000001efe8686800, 0x000001efe8998000, 0x000001efe6666800, 0x000001efe8aa7000,
0x000001efe8aa3000, 0x000001efe8aa4800, 0x000001efe8aa5800, 0x000001efe8aa8000,
0x000001efe8aa6800, 0x000001efe8aa9000, 0x000001efe8aa9800, 0x000001efe8aa4000,
0x000001efe6b56800, 0x000001efe6b59000
}

Java Threads: ( => current thread )
  0x000001efcb2de800 JavaThread "main" [_thread_blocked, id=13004, stack(0x000000d9cd100000,0x000000d9cd200000)]
  0x000001efe5afe800 JavaThread "Reference Handler" daemon [_thread_blocked, id=14620, stack(0x000000d9cd800000,0x000000d9cd900000)]
  0x000001efe5b05000 JavaThread "Finalizer" daemon [_thread_blocked, id=9956, stack(0x000000d9cd900000,0x000000d9cda00000)]
  0x000001efe635d000 JavaThread "Signal Dispatcher" daemon [_thread_blocked, id=13340, stack(0x000000d9cda00000,0x000000d9cdb00000)]
  0x000001efe635e800 JavaThread "Attach Listener" daemon [_thread_blocked, id=14992, stack(0x000000d9cdb00000,0x000000d9cdc00000)]
  0x000001efe6360000 JavaThread "Service Thread" daemon [_thread_blocked, id=14072, stack(0x000000d9cdc00000,0x000000d9cdd00000)]
  0x000001efe6364000 JavaThread "C2 CompilerThread0" daemon [_thread_in_native, id=2504, stack(0x000000d9cdd00000,0x000000d9cde00000)]
=>0x000001efe6369800 JavaThread "C1 CompilerThread0" daemon [_thread_in_native, id=14832, stack(0x000000d9cde00000,0x000000d9cdf00000)]
  0x000001efe636e800 JavaThread "Sweeper thread" daemon [_thread_blocked, id=12228, stack(0x000000d9cdf00000,0x000000d9ce000000)]
  0x000001efe64cc800 JavaThread "Common-Cleaner" daemon [_thread_blocked, id=8432, stack(0x000000d9ce000000,0x000000d9ce100000)]
  0x000001efe7498000 JavaThread "Daemon health stats" [_thread_blocked, id=13336, stack(0x000000d9ce200000,0x000000d9ce300000)]
  0x000001efe77e3800 JavaThread "Incoming local TCP Connector on port 57975" [_thread_in_native, id=12840, stack(0x000000d9ce600000,0x000000d9ce700000)]
  0x000001efe8b64000 JavaThread "Daemon periodic checks" [_thread_blocked, id=15304, stack(0x000000d9ce700000,0x000000d9ce800000)]
  0x000001efe8fe6800 JavaThread "Daemon" [_thread_blocked, id=492, stack(0x000000d9ce800000,0x000000d9ce900000)]
  0x000001efe82d3800 JavaThread "Handler for socket connection from /127.0.0.1:57975 to /127.0.0.1:57976" [_thread_in_native, id=12188, stack(0x000000d9ce900000,0x000000d9cea00000)]
  0x000001efe6987000 JavaThread "Cancel handler" [_thread_blocked, id=11032, stack(0x000000d9cea00000,0x000000d9ceb00000)]
  0x000001efe8686800 JavaThread "Daemon worker" [_thread_in_vm, id=4576, stack(0x000000d9ceb00000,0x000000d9cec00000)]
  0x000001efe8998000 JavaThread "Asynchronous log dispatcher for DefaultDaemonConnection: socket connection from /127.0.0.1:57975 to /127.0.0.1:57976" [_thread_blocked, id=4976, stack(0x000000d9cec00000,0x000000d9ced00000)]
  0x000001efe6666800 JavaThread "Stdin handler" [_thread_blocked, id=8240, stack(0x000000d9ced00000,0x000000d9cee00000)]
  0x000001efe8aa7000 JavaThread "Daemon client event forwarder" [_thread_in_vm, id=15260, stack(0x000000d9cee00000,0x000000d9cef00000)] _threads_hazard_ptr=0x000001efe919a000
  0x000001efe8aa3000 JavaThread "Cache worker for journal cache (C:\Users\ADMIN\.gradle\caches\journal-1)" [_thread_blocked, id=12812, stack(0x000000d9cef00000,0x000000d9cf000000)]
  0x000001efe8aa4800 JavaThread "File lock request listener" [_thread_in_native, id=14364, stack(0x000000d9cf000000,0x000000d9cf100000)]
  0x000001efe8aa5800 JavaThread "Cache worker for file hash cache (C:\Users\ADMIN\.gradle\caches\7.4\fileHashes)" [_thread_blocked, id=14896, stack(0x000000d9cf100000,0x000000d9cf200000)]
  0x000001efe8aa8000 JavaThread "File watcher server" daemon [_thread_in_native, id=13716, stack(0x000000d9cf300000,0x000000d9cf400000)]
  0x000001efe8aa6800 JavaThread "File watcher consumer" daemon [_thread_blocked, id=11008, stack(0x000000d9cf400000,0x000000d9cf500000)]
  0x000001efe8aa9000 JavaThread "Cache worker for checksums cache (E:\KhasTech\birthday_app_new\android\.gradle\7.4\checksums)" [_thread_blocked, id=7120, stack(0x000000d9cf200000,0x000000d9cf300000)]
  0x000001efe8aa9800 JavaThread "Cache worker for cache directory md-rule (C:\Users\ADMIN\.gradle\caches\7.4\md-rule)" [_thread_blocked, id=15404, stack(0x000000d9cf500000,0x000000d9cf600000)]
  0x000001efe8aa4000 JavaThread "Cache worker for file hash cache (E:\KhasTech\birthday_app_new\android\.gradle\7.4\fileHashes)" [_thread_blocked, id=15704, stack(0x000000d9cf600000,0x000000d9cf700000)]
  0x000001efe6b56800 JavaThread "Cache worker for cache directory md-supplier (C:\Users\ADMIN\.gradle\caches\7.4\md-supplier)" [_thread_blocked, id=16000, stack(0x000000d9cf700000,0x000000d9cf800000)]
  0x000001efe6b59000 JavaThread "Cache worker for execution history cache (C:\Users\ADMIN\.gradle\caches\7.4\executionHistory)" [_thread_blocked, id=15952, stack(0x000000d9cd000000,0x000000d9cd100000)]

Other Threads:
  0x000001efe6310800 VMThread "VM Thread" [stack: 0x000000d9cd700000,0x000000d9cd800000] [id=7768]
  0x000001efe64e8000 WatcherThread [stack: 0x000000d9ce100000,0x000000d9ce200000] [id=2980]
  0x000001efcb2f8000 GCTaskThread "GC Thread#0" [stack: 0x000000d9cd200000,0x000000d9cd300000] [id=14164]
  0x000001efe6a8b000 GCTaskThread "GC Thread#1" [stack: 0x000000d9ce300000,0x000000d9ce400000] [id=1420]
  0x000001efe6a88800 GCTaskThread "GC Thread#2" [stack: 0x000000d9ce400000,0x000000d9ce500000] [id=2596]
  0x000001efe6a40000 GCTaskThread "GC Thread#3" [stack: 0x000000d9ce500000,0x000000d9ce600000] [id=11820]
  0x000001efcb31d800 ConcurrentGCThread "G1 Main Marker" [stack: 0x000000d9cd300000,0x000000d9cd400000] [id=7232]
  0x000001efcb31f000 ConcurrentGCThread "G1 Conc#0" [stack: 0x000000d9cd400000,0x000000d9cd500000] [id=14732]
  0x000001efe5934800 ConcurrentGCThread "G1 Refine#0" [stack: 0x000000d9cd500000,0x000000d9cd600000] [id=14040]
  0x000001efe5935800 ConcurrentGCThread "G1 Young RemSet Sampling" [stack: 0x000000d9cd600000,0x000000d9cd700000] [id=10804]

Threads with active compile tasks:
C2 CompilerThread0  61583 2662  s!   4       jdk.internal.loader.URLClassPath::getLoader (194 bytes)
C1 CompilerThread0  61583 2668       3       java.lang.PublicMethods::merge (81 bytes)

VM state:not at safepoint (normal execution)

VM Mutex/Monitor currently owned by a thread: None

Heap address: 0x00000000a0000000, size: 1536 MB, Compressed Oops mode: 32-bit
Narrow klass base: 0x0000000000000000, Narrow klass shift: 3
Compressed class space size: 1073741824 Address: 0x0000000100000000

Heap:
 garbage-first heap   total 196608K, used 62537K [0x00000000a0000000, 0x0000000100000000)
  region size 1024K, 47 young (48128K), 4 survivors (4096K)
 Metaspace       used 31470K, capacity 32163K, committed 32384K, reserved 1079296K
  class space    used 4195K, capacity 4479K, committed 4480K, reserved 1048576K
Heap Regions: E=young(eden), S=young(survivor), O=old, HS=humongous(starts), HC=humongous(continues), CS=collection set, F=free, A=archive, TAMS=top-at-mark-start (previous, next)
|   0|0x00000000a0000000, 0x00000000a0100000, 0x00000000a0100000|100%|HS|  |TAMS 0x00000000a0100000, 0x00000000a0000000| Complete 
|   1|0x00000000a0100000, 0x00000000a0200000, 0x00000000a0200000|100%|HC|  |TAMS 0x00000000a0200000, 0x00000000a0100000| Complete 
|   2|0x00000000a0200000, 0x00000000a0300000, 0x00000000a0300000|100%|HC|  |TAMS 0x00000000a0300000, 0x00000000a0200000| Complete 
|   3|0x00000000a0300000, 0x00000000a0400000, 0x00000000a0400000|100%| O|  |TAMS 0x00000000a0400000, 0x00000000a0300000| Untracked 
|   4|0x00000000a0400000, 0x00000000a0500000, 0x00000000a0500000|100%| O|  |TAMS 0x00000000a0500000, 0x00000000a0400000| Untracked 
|   5|0x00000000a0500000, 0x00000000a0600000, 0x00000000a0600000|100%| O|  |TAMS 0x00000000a0600000, 0x00000000a0500000| Untracked 
|   6|0x00000000a0600000, 0x00000000a0700000, 0x00000000a0700000|100%| O|  |TAMS 0x00000000a0700000, 0x00000000a0600000| Untracked 
|   7|0x00000000a0700000, 0x00000000a0800000, 0x00000000a0800000|100%| O|  |TAMS 0x00000000a0800000, 0x00000000a0700000| Untracked 
|   8|0x00000000a0800000, 0x00000000a0900000, 0x00000000a0900000|100%| O|  |TAMS 0x00000000a0800000, 0x00000000a0800000| Untracked 
|   9|0x00000000a0900000, 0x00000000a0a00000, 0x00000000a0a00000|100%| O|  |TAMS 0x00000000a0a00000, 0x00000000a0900000| Untracked 
|  10|0x00000000a0a00000, 0x00000000a0b00000, 0x00000000a0b00000|100%| O|  |TAMS 0x00000000a0ab2200, 0x00000000a0a00000| Untracked 
|  11|0x00000000a0b00000, 0x00000000a0c00000, 0x00000000a0c00000|100%| O|  |TAMS 0x00000000a0b00000, 0x00000000a0b00000| Untracked 
|  12|0x00000000a0c00000, 0x00000000a0d00000, 0x00000000a0d00000|100%| O|  |TAMS 0x00000000a0c00000, 0x00000000a0c00000| Untracked 
|  13|0x00000000a0d00000, 0x00000000a0e00000, 0x00000000a0e00000|100%| O|  |TAMS 0x00000000a0d00000, 0x00000000a0d00000| Untracked 
|  14|0x00000000a0e00000, 0x00000000a0f00000, 0x00000000a0f00000|100%| O|  |TAMS 0x00000000a0e00000, 0x00000000a0e00000| Untracked 
|  15|0x00000000a0f00000, 0x00000000a0f99000, 0x00000000a1000000| 59%| O|  |TAMS 0x00000000a0f00000, 0x00000000a0f00000| Untracked 
|  16|0x00000000a1000000, 0x00000000a1000000, 0x00000000a1100000|  0%| F|  |TAMS 0x00000000a1000000, 0x00000000a1000000| Untracked 
|  17|0x00000000a1100000, 0x00000000a1100000, 0x00000000a1200000|  0%| F|  |TAMS 0x00000000a1100000, 0x00000000a1100000| Untracked 
|  18|0x00000000a1200000, 0x00000000a1200000, 0x00000000a1300000|  0%| F|  |TAMS 0x00000000a1200000, 0x00000000a1200000| Untracked 
|  19|0x00000000a1300000, 0x00000000a1300000, 0x00000000a1400000|  0%| F|  |TAMS 0x00000000a1300000, 0x00000000a1300000| Untracked 
|  20|0x00000000a1400000, 0x00000000a1400000, 0x00000000a1500000|  0%| F|  |TAMS 0x00000000a1400000, 0x00000000a1400000| Untracked 
|  21|0x00000000a1500000, 0x00000000a1500000, 0x00000000a1600000|  0%| F|  |TAMS 0x00000000a1500000, 0x00000000a1500000| Untracked 
|  22|0x00000000a1600000, 0x00000000a1600000, 0x00000000a1700000|  0%| F|  |TAMS 0x00000000a1600000, 0x00000000a1600000| Untracked 
|  23|0x00000000a1700000, 0x00000000a1700000, 0x00000000a1800000|  0%| F|  |TAMS 0x00000000a1700000, 0x00000000a1700000| Untracked 
|  24|0x00000000a1800000, 0x00000000a1800000, 0x00000000a1900000|  0%| F|  |TAMS 0x00000000a1800000, 0x00000000a1800000| Untracked 
|  25|0x00000000a1900000, 0x00000000a1900000, 0x00000000a1a00000|  0%| F|  |TAMS 0x00000000a1900000, 0x00000000a1900000| Untracked 
|  26|0x00000000a1a00000, 0x00000000a1a00000, 0x00000000a1b00000|  0%| F|  |TAMS 0x00000000a1a00000, 0x00000000a1a00000| Untracked 
|  27|0x00000000a1b00000, 0x00000000a1b00000, 0x00000000a1c00000|  0%| F|  |TAMS 0x00000000a1b00000, 0x00000000a1b00000| Untracked 
|  28|0x00000000a1c00000, 0x00000000a1c00000, 0x00000000a1d00000|  0%| F|  |TAMS 0x00000000a1c00000, 0x00000000a1c00000| Untracked 
|  29|0x00000000a1d00000, 0x00000000a1d00000, 0x00000000a1e00000|  0%| F|  |TAMS 0x00000000a1d00000, 0x00000000a1d00000| Untracked 
|  30|0x00000000a1e00000, 0x00000000a1e00000, 0x00000000a1f00000|  0%| F|  |TAMS 0x00000000a1e00000, 0x00000000a1e00000| Untracked 
|  31|0x00000000a1f00000, 0x00000000a1f00000, 0x00000000a2000000|  0%| F|  |TAMS 0x00000000a1f00000, 0x00000000a1f00000| Untracked 
|  32|0x00000000a2000000, 0x00000000a2000000, 0x00000000a2100000|  0%| F|  |TAMS 0x00000000a2000000, 0x00000000a2000000| Untracked 
|  33|0x00000000a2100000, 0x00000000a2100000, 0x00000000a2200000|  0%| F|  |TAMS 0x00000000a2100000, 0x00000000a2100000| Untracked 
|  34|0x00000000a2200000, 0x00000000a2200000, 0x00000000a2300000|  0%| F|  |TAMS 0x00000000a2200000, 0x00000000a2200000| Untracked 
|  35|0x00000000a2300000, 0x00000000a2300000, 0x00000000a2400000|  0%| F|  |TAMS 0x00000000a2300000, 0x00000000a2300000| Untracked 
|  36|0x00000000a2400000, 0x00000000a2400000, 0x00000000a2500000|  0%| F|  |TAMS 0x00000000a2400000, 0x00000000a2400000| Untracked 
|  37|0x00000000a2500000, 0x00000000a2500000, 0x00000000a2600000|  0%| F|  |TAMS 0x00000000a2500000, 0x00000000a2500000| Untracked 
|  38|0x00000000a2600000, 0x00000000a2600000, 0x00000000a2700000|  0%| F|  |TAMS 0x00000000a2600000, 0x00000000a2600000| Untracked 
|  39|0x00000000a2700000, 0x00000000a2700000, 0x00000000a2800000|  0%| F|  |TAMS 0x00000000a2700000, 0x00000000a2700000| Untracked 
|  40|0x00000000a2800000, 0x00000000a2800000, 0x00000000a2900000|  0%| F|  |TAMS 0x00000000a2800000, 0x00000000a2800000| Untracked 
|  41|0x00000000a2900000, 0x00000000a2900000, 0x00000000a2a00000|  0%| F|  |TAMS 0x00000000a2900000, 0x00000000a2900000| Untracked 
|  42|0x00000000a2a00000, 0x00000000a2a00000, 0x00000000a2b00000|  0%| F|  |TAMS 0x00000000a2a00000, 0x00000000a2a00000| Untracked 
|  43|0x00000000a2b00000, 0x00000000a2b00000, 0x00000000a2c00000|  0%| F|  |TAMS 0x00000000a2b00000, 0x00000000a2b00000| Untracked 
|  44|0x00000000a2c00000, 0x00000000a2c00000, 0x00000000a2d00000|  0%| F|  |TAMS 0x00000000a2c00000, 0x00000000a2c00000| Untracked 
|  45|0x00000000a2d00000, 0x00000000a2d00000, 0x00000000a2e00000|  0%| F|  |TAMS 0x00000000a2d00000, 0x00000000a2d00000| Untracked 
|  46|0x00000000a2e00000, 0x00000000a2e00000, 0x00000000a2f00000|  0%| F|  |TAMS 0x00000000a2e00000, 0x00000000a2e00000| Untracked 
|  47|0x00000000a2f00000, 0x00000000a2f00000, 0x00000000a3000000|  0%| F|  |TAMS 0x00000000a2f00000, 0x00000000a2f00000| Untracked 
|  48|0x00000000a3000000, 0x00000000a3000000, 0x00000000a3100000|  0%| F|  |TAMS 0x00000000a3000000, 0x00000000a3000000| Untracked 
|  49|0x00000000a3100000, 0x00000000a3100000, 0x00000000a3200000|  0%| F|  |TAMS 0x00000000a3100000, 0x00000000a3100000| Untracked 
|  50|0x00000000a3200000, 0x00000000a3200000, 0x00000000a3300000|  0%| F|  |TAMS 0x00000000a3200000, 0x00000000a3200000| Untracked 
|  51|0x00000000a3300000, 0x00000000a3300000, 0x00000000a3400000|  0%| F|  |TAMS 0x00000000a3300000, 0x00000000a3300000| Untracked 
|  52|0x00000000a3400000, 0x00000000a3400000, 0x00000000a3500000|  0%| F|  |TAMS 0x00000000a3400000, 0x00000000a3400000| Untracked 
|  53|0x00000000a3500000, 0x00000000a3500000, 0x00000000a3600000|  0%| F|  |TAMS 0x00000000a3500000, 0x00000000a3500000| Untracked 
|  54|0x00000000a3600000, 0x00000000a3600000, 0x00000000a3700000|  0%| F|  |TAMS 0x00000000a3600000, 0x00000000a3600000| Untracked 
|  55|0x00000000a3700000, 0x00000000a3700000, 0x00000000a3800000|  0%| F|  |TAMS 0x00000000a3700000, 0x00000000a3700000| Untracked 
|  56|0x00000000a3800000, 0x00000000a3800000, 0x00000000a3900000|  0%| F|  |TAMS 0x00000000a3800000, 0x00000000a3800000| Untracked 
|  57|0x00000000a3900000, 0x00000000a3900000, 0x00000000a3a00000|  0%| F|  |TAMS 0x00000000a3900000, 0x00000000a3900000| Untracked 
|  58|0x00000000a3a00000, 0x00000000a3a00000, 0x00000000a3b00000|  0%| F|  |TAMS 0x00000000a3a00000, 0x00000000a3a00000| Untracked 
|  59|0x00000000a3b00000, 0x00000000a3b00000, 0x00000000a3c00000|  0%| F|  |TAMS 0x00000000a3b00000, 0x00000000a3b00000| Untracked 
|  60|0x00000000a3c00000, 0x00000000a3c00000, 0x00000000a3d00000|  0%| F|  |TAMS 0x00000000a3c00000, 0x00000000a3c00000| Untracked 
|  61|0x00000000a3d00000, 0x00000000a3d00000, 0x00000000a3e00000|  0%| F|  |TAMS 0x00000000a3d00000, 0x00000000a3d00000| Untracked 
|  62|0x00000000a3e00000, 0x00000000a3e00000, 0x00000000a3f00000|  0%| F|  |TAMS 0x00000000a3e00000, 0x00000000a3e00000| Untracked 
|  63|0x00000000a3f00000, 0x00000000a3f00000, 0x00000000a4000000|  0%| F|  |TAMS 0x00000000a3f00000, 0x00000000a3f00000| Untracked 
|  64|0x00000000a4000000, 0x00000000a4000000, 0x00000000a4100000|  0%| F|  |TAMS 0x00000000a4000000, 0x00000000a4000000| Untracked 
|  65|0x00000000a4100000, 0x00000000a4100000, 0x00000000a4200000|  0%| F|  |TAMS 0x00000000a4100000, 0x00000000a4100000| Untracked 
|  66|0x00000000a4200000, 0x00000000a4200000, 0x00000000a4300000|  0%| F|  |TAMS 0x00000000a4200000, 0x00000000a4200000| Untracked 
|  67|0x00000000a4300000, 0x00000000a4300000, 0x00000000a4400000|  0%| F|  |TAMS 0x00000000a4300000, 0x00000000a4300000| Untracked 
|  68|0x00000000a4400000, 0x00000000a4400000, 0x00000000a4500000|  0%| F|  |TAMS 0x00000000a4400000, 0x00000000a4400000| Untracked 
|  69|0x00000000a4500000, 0x00000000a4500000, 0x00000000a4600000|  0%| F|  |TAMS 0x00000000a4500000, 0x00000000a4500000| Untracked 
|  70|0x00000000a4600000, 0x00000000a4600000, 0x00000000a4700000|  0%| F|  |TAMS 0x00000000a4600000, 0x00000000a4600000| Untracked 
|  71|0x00000000a4700000, 0x00000000a4700000, 0x00000000a4800000|  0%| F|  |TAMS 0x00000000a4700000, 0x00000000a4700000| Untracked 
|  72|0x00000000a4800000, 0x00000000a4800000, 0x00000000a4900000|  0%| F|  |TAMS 0x00000000a4800000, 0x00000000a4800000| Untracked 
|  73|0x00000000a4900000, 0x00000000a4900000, 0x00000000a4a00000|  0%| F|  |TAMS 0x00000000a4900000, 0x00000000a4900000| Untracked 
|  74|0x00000000a4a00000, 0x00000000a4a00000, 0x00000000a4b00000|  0%| F|  |TAMS 0x00000000a4a00000, 0x00000000a4a00000| Untracked 
|  75|0x00000000a4b00000, 0x00000000a4b00000, 0x00000000a4c00000|  0%| F|  |TAMS 0x00000000a4b00000, 0x00000000a4b00000| Untracked 
|  76|0x00000000a4c00000, 0x00000000a4c00000, 0x00000000a4d00000|  0%| F|  |TAMS 0x00000000a4c00000, 0x00000000a4c00000| Untracked 
|  77|0x00000000a4d00000, 0x00000000a4d00000, 0x00000000a4e00000|  0%| F|  |TAMS 0x00000000a4d00000, 0x00000000a4d00000| Untracked 
|  78|0x00000000a4e00000, 0x00000000a4e00000, 0x00000000a4f00000|  0%| F|  |TAMS 0x00000000a4e00000, 0x00000000a4e00000| Untracked 
|  79|0x00000000a4f00000, 0x00000000a4f00000, 0x00000000a5000000|  0%| F|  |TAMS 0x00000000a4f00000, 0x00000000a4f00000| Untracked 
|  80|0x00000000a5000000, 0x00000000a5000000, 0x00000000a5100000|  0%| F|  |TAMS 0x00000000a5000000, 0x00000000a5000000| Untracked 
|  81|0x00000000a5100000, 0x00000000a5100000, 0x00000000a5200000|  0%| F|  |TAMS 0x00000000a5100000, 0x00000000a5100000| Untracked 
|  82|0x00000000a5200000, 0x00000000a5200000, 0x00000000a5300000|  0%| F|  |TAMS 0x00000000a5200000, 0x00000000a5200000| Untracked 
|  83|0x00000000a5300000, 0x00000000a5300000, 0x00000000a5400000|  0%| F|  |TAMS 0x00000000a5300000, 0x00000000a5300000| Untracked 
|  84|0x00000000a5400000, 0x00000000a5400000, 0x00000000a5500000|  0%| F|  |TAMS 0x00000000a5400000, 0x00000000a5400000| Untracked 
|  85|0x00000000a5500000, 0x00000000a5500000, 0x00000000a5600000|  0%| F|  |TAMS 0x00000000a5500000, 0x00000000a5500000| Untracked 
|  86|0x00000000a5600000, 0x00000000a5600000, 0x00000000a5700000|  0%| F|  |TAMS 0x00000000a5600000, 0x00000000a5600000| Untracked 
|  87|0x00000000a5700000, 0x00000000a5700000, 0x00000000a5800000|  0%| F|  |TAMS 0x00000000a5700000, 0x00000000a5700000| Untracked 
|  88|0x00000000a5800000, 0x00000000a5800000, 0x00000000a5900000|  0%| F|  |TAMS 0x00000000a5800000, 0x00000000a5800000| Untracked 
|  89|0x00000000a5900000, 0x00000000a5900000, 0x00000000a5a00000|  0%| F|  |TAMS 0x00000000a5900000, 0x00000000a5900000| Untracked 
|  90|0x00000000a5a00000, 0x00000000a5a00000, 0x00000000a5b00000|  0%| F|  |TAMS 0x00000000a5a00000, 0x00000000a5a00000| Untracked 
|  91|0x00000000a5b00000, 0x00000000a5b00000, 0x00000000a5c00000|  0%| F|  |TAMS 0x00000000a5b00000, 0x00000000a5b00000| Untracked 
|  92|0x00000000a5c00000, 0x00000000a5c00000, 0x00000000a5d00000|  0%| F|  |TAMS 0x00000000a5c00000, 0x00000000a5c00000| Untracked 
|  93|0x00000000a5d00000, 0x00000000a5d00000, 0x00000000a5e00000|  0%| F|  |TAMS 0x00000000a5d00000, 0x00000000a5d00000| Untracked 
|  94|0x00000000a5e00000, 0x00000000a5e00000, 0x00000000a5f00000|  0%| F|  |TAMS 0x00000000a5e00000, 0x00000000a5e00000| Untracked 
|  95|0x00000000a5f00000, 0x00000000a5f00000, 0x00000000a6000000|  0%| F|  |TAMS 0x00000000a5f00000, 0x00000000a5f00000| Untracked 
|  96|0x00000000a6000000, 0x00000000a6000000, 0x00000000a6100000|  0%| F|  |TAMS 0x00000000a6000000, 0x00000000a6000000| Untracked 
|  97|0x00000000a6100000, 0x00000000a6100000, 0x00000000a6200000|  0%| F|  |TAMS 0x00000000a6100000, 0x00000000a6100000| Untracked 
|  98|0x00000000a6200000, 0x00000000a6200000, 0x00000000a6300000|  0%| F|  |TAMS 0x00000000a6200000, 0x00000000a6200000| Untracked 
|  99|0x00000000a6300000, 0x00000000a6300000, 0x00000000a6400000|  0%| F|  |TAMS 0x00000000a6300000, 0x00000000a6300000| Untracked 
| 100|0x00000000a6400000, 0x00000000a6400000, 0x00000000a6500000|  0%| F|  |TAMS 0x00000000a6400000, 0x00000000a6400000| Untracked 
| 101|0x00000000a6500000, 0x00000000a6500000, 0x00000000a6600000|  0%| F|  |TAMS 0x00000000a6500000, 0x00000000a6500000| Untracked 
| 102|0x00000000a6600000, 0x00000000a6600000, 0x00000000a6700000|  0%| F|  |TAMS 0x00000000a6600000, 0x00000000a6600000| Untracked 
| 103|0x00000000a6700000, 0x00000000a6700000, 0x00000000a6800000|  0%| F|  |TAMS 0x00000000a6700000, 0x00000000a6700000| Untracked 
| 104|0x00000000a6800000, 0x00000000a6800000, 0x00000000a6900000|  0%| F|  |TAMS 0x00000000a6800000, 0x00000000a6800000| Untracked 
| 105|0x00000000a6900000, 0x00000000a6900000, 0x00000000a6a00000|  0%| F|  |TAMS 0x00000000a6900000, 0x00000000a6900000| Untracked 
| 106|0x00000000a6a00000, 0x00000000a6a00000, 0x00000000a6b00000|  0%| F|  |TAMS 0x00000000a6a00000, 0x00000000a6a00000| Untracked 
| 107|0x00000000a6b00000, 0x00000000a6b00000, 0x00000000a6c00000|  0%| F|  |TAMS 0x00000000a6b00000, 0x00000000a6b00000| Untracked 
| 108|0x00000000a6c00000, 0x00000000a6c00000, 0x00000000a6d00000|  0%| F|  |TAMS 0x00000000a6c00000, 0x00000000a6c00000| Untracked 
| 109|0x00000000a6d00000, 0x00000000a6d00000, 0x00000000a6e00000|  0%| F|  |TAMS 0x00000000a6d00000, 0x00000000a6d00000| Untracked 
| 110|0x00000000a6e00000, 0x00000000a6e00000, 0x00000000a6f00000|  0%| F|  |TAMS 0x00000000a6e00000, 0x00000000a6e00000| Untracked 
| 111|0x00000000a6f00000, 0x00000000a6f00000, 0x00000000a7000000|  0%| F|  |TAMS 0x00000000a6f00000, 0x00000000a6f00000| Untracked 
| 112|0x00000000a7000000, 0x00000000a7000000, 0x00000000a7100000|  0%| F|  |TAMS 0x00000000a7000000, 0x00000000a7000000| Untracked 
| 113|0x00000000a7100000, 0x00000000a7100000, 0x00000000a7200000|  0%| F|  |TAMS 0x00000000a7100000, 0x00000000a7100000| Untracked 
| 114|0x00000000a7200000, 0x00000000a7200000, 0x00000000a7300000|  0%| F|  |TAMS 0x00000000a7200000, 0x00000000a7200000| Untracked 
| 115|0x00000000a7300000, 0x00000000a7300000, 0x00000000a7400000|  0%| F|  |TAMS 0x00000000a7300000, 0x00000000a7300000| Untracked 
| 116|0x00000000a7400000, 0x00000000a7400000, 0x00000000a7500000|  0%| F|  |TAMS 0x00000000a7400000, 0x00000000a7400000| Untracked 
| 117|0x00000000a7500000, 0x00000000a7500000, 0x00000000a7600000|  0%| F|  |TAMS 0x00000000a7500000, 0x00000000a7500000| Untracked 
| 118|0x00000000a7600000, 0x00000000a7679640, 0x00000000a7700000| 47%| S|CS|TAMS 0x00000000a7600000, 0x00000000a7600000| Complete 
| 119|0x00000000a7700000, 0x00000000a7800000, 0x00000000a7800000|100%| S|CS|TAMS 0x00000000a7700000, 0x00000000a7700000| Complete 
| 120|0x00000000a7800000, 0x00000000a7900000, 0x00000000a7900000|100%| S|CS|TAMS 0x00000000a7800000, 0x00000000a7800000| Complete 
| 121|0x00000000a7900000, 0x00000000a7a00000, 0x00000000a7a00000|100%| S|CS|TAMS 0x00000000a7900000, 0x00000000a7900000| Complete 
| 122|0x00000000a7a00000, 0x00000000a7a00000, 0x00000000a7b00000|  0%| F|  |TAMS 0x00000000a7a00000, 0x00000000a7a00000| Untracked 
| 123|0x00000000a7b00000, 0x00000000a7b00000, 0x00000000a7c00000|  0%| F|  |TAMS 0x00000000a7b00000, 0x00000000a7b00000| Untracked 
| 124|0x00000000a7c00000, 0x00000000a7c00000, 0x00000000a7d00000|  0%| F|  |TAMS 0x00000000a7c00000, 0x00000000a7c00000| Untracked 
| 125|0x00000000a7d00000, 0x00000000a7d00000, 0x00000000a7e00000|  0%| F|  |TAMS 0x00000000a7d00000, 0x00000000a7d00000| Untracked 
| 126|0x00000000a7e00000, 0x00000000a7e00000, 0x00000000a7f00000|  0%| F|  |TAMS 0x00000000a7e00000, 0x00000000a7e00000| Untracked 
| 127|0x00000000a7f00000, 0x00000000a7f00000, 0x00000000a8000000|  0%| F|  |TAMS 0x00000000a7f00000, 0x00000000a7f00000| Untracked 
| 128|0x00000000a8000000, 0x00000000a8000000, 0x00000000a8100000|  0%| F|  |TAMS 0x00000000a8000000, 0x00000000a8000000| Untracked 
| 129|0x00000000a8100000, 0x00000000a8100000, 0x00000000a8200000|  0%| F|  |TAMS 0x00000000a8100000, 0x00000000a8100000| Untracked 
| 130|0x00000000a8200000, 0x00000000a8200000, 0x00000000a8300000|  0%| F|  |TAMS 0x00000000a8200000, 0x00000000a8200000| Untracked 
| 131|0x00000000a8300000, 0x00000000a8300000, 0x00000000a8400000|  0%| F|  |TAMS 0x00000000a8300000, 0x00000000a8300000| Untracked 
| 132|0x00000000a8400000, 0x00000000a8400000, 0x00000000a8500000|  0%| F|  |TAMS 0x00000000a8400000, 0x00000000a8400000| Untracked 
| 133|0x00000000a8500000, 0x00000000a8500000, 0x00000000a8600000|  0%| F|  |TAMS 0x00000000a8500000, 0x00000000a8500000| Untracked 
| 134|0x00000000a8600000, 0x00000000a8600000, 0x00000000a8700000|  0%| F|  |TAMS 0x00000000a8600000, 0x00000000a8600000| Untracked 
| 135|0x00000000a8700000, 0x00000000a8700000, 0x00000000a8800000|  0%| F|  |TAMS 0x00000000a8700000, 0x00000000a8700000| Untracked 
| 136|0x00000000a8800000, 0x00000000a8800000, 0x00000000a8900000|  0%| F|  |TAMS 0x00000000a8800000, 0x00000000a8800000| Untracked 
| 137|0x00000000a8900000, 0x00000000a8900000, 0x00000000a8a00000|  0%| F|  |TAMS 0x00000000a8900000, 0x00000000a8900000| Untracked 
| 138|0x00000000a8a00000, 0x00000000a8a00000, 0x00000000a8b00000|  0%| F|  |TAMS 0x00000000a8a00000, 0x00000000a8a00000| Untracked 
| 139|0x00000000a8b00000, 0x00000000a8b00000, 0x00000000a8c00000|  0%| F|  |TAMS 0x00000000a8b00000, 0x00000000a8b00000| Untracked 
| 140|0x00000000a8c00000, 0x00000000a8c00000, 0x00000000a8d00000|  0%| F|  |TAMS 0x00000000a8c00000, 0x00000000a8c00000| Untracked 
| 141|0x00000000a8d00000, 0x00000000a8d00000, 0x00000000a8e00000|  0%| F|  |TAMS 0x00000000a8d00000, 0x00000000a8d00000| Untracked 
| 142|0x00000000a8e00000, 0x00000000a8e00000, 0x00000000a8f00000|  0%| F|  |TAMS 0x00000000a8e00000, 0x00000000a8e00000| Untracked 
| 143|0x00000000a8f00000, 0x00000000a8f00000, 0x00000000a9000000|  0%| F|  |TAMS 0x00000000a8f00000, 0x00000000a8f00000| Untracked 
| 144|0x00000000a9000000, 0x00000000a9000000, 0x00000000a9100000|  0%| F|  |TAMS 0x00000000a9000000, 0x00000000a9000000| Untracked 
| 145|0x00000000a9100000, 0x00000000a9100000, 0x00000000a9200000|  0%| F|  |TAMS 0x00000000a9100000, 0x00000000a9100000| Untracked 
| 146|0x00000000a9200000, 0x00000000a9200000, 0x00000000a9300000|  0%| F|  |TAMS 0x00000000a9200000, 0x00000000a9200000| Untracked 
| 147|0x00000000a9300000, 0x00000000a9300000, 0x00000000a9400000|  0%| F|  |TAMS 0x00000000a9300000, 0x00000000a9300000| Untracked 
| 148|0x00000000a9400000, 0x00000000a9400000, 0x00000000a9500000|  0%| F|  |TAMS 0x00000000a9400000, 0x00000000a9400000| Untracked 
| 149|0x00000000a9500000, 0x00000000a9600000, 0x00000000a9600000|100%| E|  |TAMS 0x00000000a9500000, 0x00000000a9500000| Complete 
| 150|0x00000000a9600000, 0x00000000a9700000, 0x00000000a9700000|100%| E|CS|TAMS 0x00000000a9600000, 0x00000000a9600000| Complete 
| 151|0x00000000a9700000, 0x00000000a9800000, 0x00000000a9800000|100%| E|CS|TAMS 0x00000000a9700000, 0x00000000a9700000| Complete 
| 152|0x00000000a9800000, 0x00000000a9900000, 0x00000000a9900000|100%| E|CS|TAMS 0x00000000a9800000, 0x00000000a9800000| Complete 
| 153|0x00000000a9900000, 0x00000000a9a00000, 0x00000000a9a00000|100%| E|CS|TAMS 0x00000000a9900000, 0x00000000a9900000| Complete 
| 154|0x00000000a9a00000, 0x00000000a9b00000, 0x00000000a9b00000|100%| E|CS|TAMS 0x00000000a9a00000, 0x00000000a9a00000| Complete 
| 155|0x00000000a9b00000, 0x00000000a9c00000, 0x00000000a9c00000|100%| E|CS|TAMS 0x00000000a9b00000, 0x00000000a9b00000| Complete 
| 156|0x00000000a9c00000, 0x00000000a9d00000, 0x00000000a9d00000|100%| E|CS|TAMS 0x00000000a9c00000, 0x00000000a9c00000| Complete 
| 157|0x00000000a9d00000, 0x00000000a9e00000, 0x00000000a9e00000|100%| E|CS|TAMS 0x00000000a9d00000, 0x00000000a9d00000| Complete 
| 158|0x00000000a9e00000, 0x00000000a9f00000, 0x00000000a9f00000|100%| E|CS|TAMS 0x00000000a9e00000, 0x00000000a9e00000| Complete 
| 159|0x00000000a9f00000, 0x00000000aa000000, 0x00000000aa000000|100%| E|CS|TAMS 0x00000000a9f00000, 0x00000000a9f00000| Complete 
| 160|0x00000000aa000000, 0x00000000aa100000, 0x00000000aa100000|100%| E|CS|TAMS 0x00000000aa000000, 0x00000000aa000000| Complete 
| 161|0x00000000aa100000, 0x00000000aa200000, 0x00000000aa200000|100%| E|CS|TAMS 0x00000000aa100000, 0x00000000aa100000| Complete 
| 162|0x00000000aa200000, 0x00000000aa300000, 0x00000000aa300000|100%| E|CS|TAMS 0x00000000aa200000, 0x00000000aa200000| Complete 
| 163|0x00000000aa300000, 0x00000000aa400000, 0x00000000aa400000|100%| E|CS|TAMS 0x00000000aa300000, 0x00000000aa300000| Complete 
| 164|0x00000000aa400000, 0x00000000aa500000, 0x00000000aa500000|100%| E|CS|TAMS 0x00000000aa400000, 0x00000000aa400000| Complete 
| 165|0x00000000aa500000, 0x00000000aa600000, 0x00000000aa600000|100%| E|CS|TAMS 0x00000000aa500000, 0x00000000aa500000| Complete 
| 166|0x00000000aa600000, 0x00000000aa700000, 0x00000000aa700000|100%| E|CS|TAMS 0x00000000aa600000, 0x00000000aa600000| Complete 
| 167|0x00000000aa700000, 0x00000000aa800000, 0x00000000aa800000|100%| E|CS|TAMS 0x00000000aa700000, 0x00000000aa700000| Complete 
| 168|0x00000000aa800000, 0x00000000aa900000, 0x00000000aa900000|100%| E|CS|TAMS 0x00000000aa800000, 0x00000000aa800000| Complete 
| 169|0x00000000aa900000, 0x00000000aaa00000, 0x00000000aaa00000|100%| E|CS|TAMS 0x00000000aa900000, 0x00000000aa900000| Complete 
| 170|0x00000000aaa00000, 0x00000000aab00000, 0x00000000aab00000|100%| E|CS|TAMS 0x00000000aaa00000, 0x00000000aaa00000| Complete 
| 171|0x00000000aab00000, 0x00000000aac00000, 0x00000000aac00000|100%| E|CS|TAMS 0x00000000aab00000, 0x00000000aab00000| Complete 
| 172|0x00000000aac00000, 0x00000000aad00000, 0x00000000aad00000|100%| E|CS|TAMS 0x00000000aac00000, 0x00000000aac00000| Complete 
| 173|0x00000000aad00000, 0x00000000aae00000, 0x00000000aae00000|100%| E|CS|TAMS 0x00000000aad00000, 0x00000000aad00000| Complete 
| 174|0x00000000aae00000, 0x00000000aaf00000, 0x00000000aaf00000|100%| E|CS|TAMS 0x00000000aae00000, 0x00000000aae00000| Complete 
| 175|0x00000000aaf00000, 0x00000000ab000000, 0x00000000ab000000|100%| E|CS|TAMS 0x00000000aaf00000, 0x00000000aaf00000| Complete 
| 176|0x00000000ab000000, 0x00000000ab100000, 0x00000000ab100000|100%| E|CS|TAMS 0x00000000ab000000, 0x00000000ab000000| Complete 
| 177|0x00000000ab100000, 0x00000000ab200000, 0x00000000ab200000|100%| E|CS|TAMS 0x00000000ab100000, 0x00000000ab100000| Complete 
| 178|0x00000000ab200000, 0x00000000ab300000, 0x00000000ab300000|100%| E|CS|TAMS 0x00000000ab200000, 0x00000000ab200000| Complete 
| 179|0x00000000ab300000, 0x00000000ab400000, 0x00000000ab400000|100%| E|CS|TAMS 0x00000000ab300000, 0x00000000ab300000| Complete 
| 180|0x00000000ab400000, 0x00000000ab500000, 0x00000000ab500000|100%| E|CS|TAMS 0x00000000ab400000, 0x00000000ab400000| Complete 
| 181|0x00000000ab500000, 0x00000000ab600000, 0x00000000ab600000|100%| E|CS|TAMS 0x00000000ab500000, 0x00000000ab500000| Complete 
| 182|0x00000000ab600000, 0x00000000ab700000, 0x00000000ab700000|100%| E|CS|TAMS 0x00000000ab600000, 0x00000000ab600000| Complete 
| 183|0x00000000ab700000, 0x00000000ab800000, 0x00000000ab800000|100%| E|CS|TAMS 0x00000000ab700000, 0x00000000ab700000| Complete 
| 184|0x00000000ab800000, 0x00000000ab900000, 0x00000000ab900000|100%| E|CS|TAMS 0x00000000ab800000, 0x00000000ab800000| Complete 
| 185|0x00000000ab900000, 0x00000000aba00000, 0x00000000aba00000|100%| E|CS|TAMS 0x00000000ab900000, 0x00000000ab900000| Complete 
| 186|0x00000000aba00000, 0x00000000abb00000, 0x00000000abb00000|100%| E|CS|TAMS 0x00000000aba00000, 0x00000000aba00000| Complete 
| 187|0x00000000abb00000, 0x00000000abc00000, 0x00000000abc00000|100%| E|CS|TAMS 0x00000000abb00000, 0x00000000abb00000| Complete 
| 188|0x00000000abc00000, 0x00000000abd00000, 0x00000000abd00000|100%| E|CS|TAMS 0x00000000abc00000, 0x00000000abc00000| Complete 
| 189|0x00000000abd00000, 0x00000000abe00000, 0x00000000abe00000|100%| E|CS|TAMS 0x00000000abd00000, 0x00000000abd00000| Complete 
| 190|0x00000000abe00000, 0x00000000abf00000, 0x00000000abf00000|100%| E|CS|TAMS 0x00000000abe00000, 0x00000000abe00000| Complete 
| 191|0x00000000abf00000, 0x00000000ac000000, 0x00000000ac000000|100%| E|CS|TAMS 0x00000000abf00000, 0x00000000abf00000| Complete 

Card table byte_map: [0x000001efdfed0000,0x000001efe01d0000] _byte_map_base: 0x000001efdf9d0000

Marking Bits (Prev, Next): (CMBitMap*) 0x000001efcb316b30, (CMBitMap*) 0x000001efcb316af8
 Prev Bits: [0x000001efe1cd0000, 0x000001efe34d0000)
 Next Bits: [0x000001efe04d0000, 0x000001efe1cd0000)

Polling page: 0x000001efcb130000

Metaspace:

Usage:
  Non-class:     27.04 MB capacity,    26.64 MB ( 99%) used,   344.72 KB (  1%) free+waste,    64.13 KB ( <1%) overhead. 
      Class:      4.37 MB capacity,     4.10 MB ( 94%) used,   251.63 KB (  6%) free+waste,    31.88 KB ( <1%) overhead. 
       Both:     31.41 MB capacity,    30.73 MB ( 98%) used,   596.34 KB (  2%) free+waste,    96.00 KB ( <1%) overhead. 

Virtual space:
  Non-class space:       30.00 MB reserved,      27.25 MB ( 91%) committed 
      Class space:        1.00 GB reserved,       4.38 MB ( <1%) committed 
             Both:        1.03 GB reserved,      31.63 MB (  3%) committed 

Chunk freelists:
   Non-Class:  28.00 KB
       Class:  1.00 KB
        Both:  29.00 KB

MaxMetaspaceSize: 17179869184.00 GB
CompressedClassSpaceSize: 1.00 GB

CodeHeap 'non-profiled nmethods': size=120064Kb used=1378Kb max_used=1378Kb free=118685Kb
 bounds [0x000001efd8070000, 0x000001efd82e0000, 0x000001efdf5b0000]
CodeHeap 'profiled nmethods': size=120000Kb used=5891Kb max_used=5891Kb free=114108Kb
 bounds [0x000001efd0b40000, 0x000001efd1110000, 0x000001efd8070000]
CodeHeap 'non-nmethods': size=5696Kb used=1165Kb max_used=1208Kb free=4531Kb
 bounds [0x000001efd05b0000, 0x000001efd0820000, 0x000001efd0b40000]
 total_blobs=3170 nmethods=2662 adapters=419
 compilation: enabled
              stopped_count=0, restarted_count=0
 full_count=0

Compilation events (20 events):
Event: 60.930 Thread 0x000001efe6364000 2657       4       java.util.concurrent.locks.AbstractQueuedSynchronizer::release (33 bytes)
Event: 60.933 Thread 0x000001efe6364000 nmethod 2657 0x000001efd81c4b90 code [0x000001efd81c4d40, 0x000001efd81c4ec8]
Event: 61.141 Thread 0x000001efe6364000 2658       4       java.lang.Integer::valueOf (32 bytes)
Event: 61.142 Thread 0x000001efe6369800 2659       3       org.codehaus.groovy.reflection.GeneratedMetaMethod$DgmMethodRecord::<init> (5 bytes)
Event: 61.143 Thread 0x000001efe6369800 nmethod 2659 0x000001efd10fe310 code [0x000001efd10fe4c0, 0x000001efd10fe618]
Event: 61.143 Thread 0x000001efe6364000 nmethod 2658 0x000001efd81c5010 code [0x000001efd81c51a0, 0x000001efd81c5278]
Event: 61.146 Thread 0x000001efe6364000 2660       4       java.io.DataInputStream::readUTF (501 bytes)
Event: 61.195 Thread 0x000001efe6364000 nmethod 2660 0x000001efd81c5310 code [0x000001efd81c5580, 0x000001efd81c78d0]
Event: 61.195 Thread 0x000001efe6364000 2661       4       java.lang.Integer::hashCode (8 bytes)
Event: 61.196 Thread 0x000001efe6364000 nmethod 2661 0x000001efd81c8790 code [0x000001efd81c8920, 0x000001efd81c8978]
Event: 61.245 Thread 0x000001efe6364000 2662  s!   4       jdk.internal.loader.URLClassPath::getLoader (194 bytes)
Event: 61.261 Thread 0x000001efe6369800 2664       3       java.lang.PublicMethods$MethodList::filter (104 bytes)
Event: 61.263 Thread 0x000001efe6369800 nmethod 2664 0x000001efd10fe710 code [0x000001efd10fe980, 0x000001efd10ff4f8]
Event: 61.263 Thread 0x000001efe6369800 2663       3       java.lang.Class::getMethodsRecursive (99 bytes)
Event: 61.264 Thread 0x000001efe6369800 nmethod 2663 0x000001efd10ffa10 code [0x000001efd10ffc40, 0x000001efd11001c8]
Event: 61.264 Thread 0x000001efe6369800 2665       3       java.lang.PublicMethods$Key::hashCode (19 bytes)
Event: 61.264 Thread 0x000001efe6369800 nmethod 2665 0x000001efd1100510 code [0x000001efd11006e0, 0x000001efd1100858]
Event: 61.265 Thread 0x000001efe6369800 2667       3       java.lang.PublicMethods$MethodList::length (24 bytes)
Event: 61.265 Thread 0x000001efe6369800 nmethod 2667 0x000001efd1100910 code [0x000001efd1100ac0, 0x000001efd1100c78]
Event: 61.265 Thread 0x000001efe6369800 2668       3       java.lang.PublicMethods::merge (81 bytes)

GC Heap History (12 events):
Event: 8.315 GC heap before
{Heap before GC invocations=0 (full 0):
 garbage-first heap   total 196608K, used 16384K [0x00000000a0000000, 0x0000000100000000)
  region size 1024K, 14 young (14336K), 0 survivors (0K)
 Metaspace       used 6736K, capacity 6929K, committed 7168K, reserved 1056768K
  class space    used 582K, capacity 650K, committed 768K, reserved 1048576K
}
Event: 8.320 GC heap after
{Heap after GC invocations=1 (full 0):
 garbage-first heap   total 196608K, used 4707K [0x00000000a0000000, 0x0000000100000000)
  region size 1024K, 2 young (2048K), 2 survivors (2048K)
 Metaspace       used 6736K, capacity 6929K, committed 7168K, reserved 1056768K
  class space    used 582K, capacity 650K, committed 768K, reserved 1048576K
}
Event: 16.716 GC heap before
{Heap before GC invocations=1 (full 0):
 garbage-first heap   total 196608K, used 19043K [0x00000000a0000000, 0x0000000100000000)
  region size 1024K, 13 young (13312K), 2 survivors (2048K)
 Metaspace       used 9881K, capacity 10122K, committed 10368K, reserved 1058816K
  class space    used 1029K, capacity 1102K, committed 1152K, reserved 1048576K
}
Event: 16.722 GC heap after
{Heap after GC invocations=2 (full 0):
 garbage-first heap   total 196608K, used 9657K [0x00000000a0000000, 0x0000000100000000)
  region size 1024K, 2 young (2048K), 2 survivors (2048K)
 Metaspace       used 9881K, capacity 10122K, committed 10368K, reserved 1058816K
  class space    used 1029K, capacity 1102K, committed 1152K, reserved 1048576K
}
Event: 18.593 GC heap before
{Heap before GC invocations=2 (full 0):
 garbage-first heap   total 196608K, used 37305K [0x00000000a0000000, 0x0000000100000000)
  region size 1024K, 29 young (29696K), 2 survivors (2048K)
 Metaspace       used 10867K, capacity 11077K, committed 11264K, reserved 1058816K
  class space    used 1133K, capacity 1207K, committed 1280K, reserved 1048576K
}
Event: 18.597 GC heap after
{Heap after GC invocations=3 (full 0):
 garbage-first heap   total 196608K, used 11080K [0x00000000a0000000, 0x0000000100000000)
  region size 1024K, 4 young (4096K), 4 survivors (4096K)
 Metaspace       used 10867K, capacity 11077K, committed 11264K, reserved 1058816K
  class space    used 1133K, capacity 1207K, committed 1280K, reserved 1048576K
}
Event: 23.144 GC heap before
{Heap before GC invocations=3 (full 0):
 garbage-first heap   total 196608K, used 53064K [0x00000000a0000000, 0x0000000100000000)
  region size 1024K, 45 young (46080K), 4 survivors (4096K)
 Metaspace       used 17401K, capacity 17719K, committed 17792K, reserved 1064960K
  class space    used 2041K, capacity 2145K, committed 2176K, reserved 1048576K
}
Event: 23.152 GC heap after
{Heap after GC invocations=4 (full 0):
 garbage-first heap   total 196608K, used 16072K [0x00000000a0000000, 0x0000000100000000)
  region size 1024K, 6 young (6144K), 6 survivors (6144K)
 Metaspace       used 17401K, capacity 17719K, committed 17792K, reserved 1064960K
  class space    used 2041K, capacity 2145K, committed 2176K, reserved 1048576K
}
Event: 24.262 GC heap before
{Heap before GC invocations=4 (full 0):
 garbage-first heap   total 196608K, used 44744K [0x00000000a0000000, 0x0000000100000000)
  region size 1024K, 35 young (35840K), 6 survivors (6144K)
 Metaspace       used 20606K, capacity 21066K, committed 21248K, reserved 1067008K
  class space    used 2511K, capacity 2690K, committed 2816K, reserved 1048576K
}
Event: 24.274 GC heap after
{Heap after GC invocations=5 (full 0):
 garbage-first heap   total 196608K, used 17252K [0x00000000a0000000, 0x0000000100000000)
  region size 1024K, 8 young (8192K), 8 survivors (8192K)
 Metaspace       used 20606K, capacity 21066K, committed 21248K, reserved 1067008K
  class space    used 2511K, capacity 2690K, committed 2816K, reserved 1048576K
}
Event: 26.696 GC heap before
{Heap before GC invocations=6 (full 0):
 garbage-first heap   total 196608K, used 80740K [0x00000000a0000000, 0x0000000100000000)
  region size 1024K, 70 young (71680K), 8 survivors (8192K)
 Metaspace       used 26856K, capacity 27504K, committed 27648K, reserved 1073152K
  class space    used 3507K, capacity 3736K, committed 3840K, reserved 1048576K
}
Event: 26.709 GC heap after
{Heap after GC invocations=7 (full 0):
 garbage-first heap   total 196608K, used 19529K [0x00000000a0000000, 0x0000000100000000)
  region size 1024K, 4 young (4096K), 4 survivors (4096K)
 Metaspace       used 26856K, capacity 27504K, committed 27648K, reserved 1073152K
  class space    used 3507K, capacity 3736K, committed 3840K, reserved 1048576K
}

Deoptimization events (20 events):
Event: 50.475 Thread 0x000001efe8686800 Uncommon trap: trap_request=0xffffff4d fr.pc=0x000001efd81430b0 relative=0x0000000000000230
Event: 50.475 Thread 0x000001efe8686800 Uncommon trap: reason=unstable_if action=reinterpret pc=0x000001efd81430b0 method=java.util.HashMap.putVal(ILjava/lang/Object;Ljava/lang/Object;ZZ)Ljava/lang/Object; @ 162 c2
Event: 50.475 Thread 0x000001efe8686800 DEOPT PACKING pc=0x000001efd81430b0 sp=0x000000d9cebfa370
Event: 50.475 Thread 0x000001efe8686800 DEOPT UNPACKING pc=0x000001efd05d662f sp=0x000000d9cebfa280 mode 2
Event: 61.141 Thread 0x000001efe8686800 Uncommon trap: trap_request=0xffffffde fr.pc=0x000001efd81bee18 relative=0x0000000000001db8
Event: 61.141 Thread 0x000001efe8686800 Uncommon trap: reason=class_check action=maybe_recompile pc=0x000001efd81bee18 method=java.io.BufferedInputStream.read([BII)I @ 101 c2
Event: 61.141 Thread 0x000001efe8686800 DEOPT PACKING pc=0x000001efd81bee18 sp=0x000000d9cebf9160
Event: 61.141 Thread 0x000001efe8686800 DEOPT UNPACKING pc=0x000001efd05d662f sp=0x000000d9cebf9020 mode 2
Event: 61.142 Thread 0x000001efe8686800 Uncommon trap: trap_request=0xffffffde fr.pc=0x000001efd81bee18 relative=0x0000000000001db8
Event: 61.142 Thread 0x000001efe8686800 Uncommon trap: reason=class_check action=maybe_recompile pc=0x000001efd81bee18 method=java.io.BufferedInputStream.read([BII)I @ 101 c2
Event: 61.142 Thread 0x000001efe8686800 DEOPT PACKING pc=0x000001efd81bee18 sp=0x000000d9cebf9160
Event: 61.142 Thread 0x000001efe8686800 DEOPT UNPACKING pc=0x000001efd05d662f sp=0x000000d9cebf9020 mode 2
Event: 61.143 Thread 0x000001efe8686800 Uncommon trap: trap_request=0xffffffde fr.pc=0x000001efd81bee18 relative=0x0000000000001db8
Event: 61.143 Thread 0x000001efe8686800 Uncommon trap: reason=class_check action=maybe_recompile pc=0x000001efd81bee18 method=java.io.BufferedInputStream.read([BII)I @ 101 c2
Event: 61.143 Thread 0x000001efe8686800 DEOPT PACKING pc=0x000001efd81bee18 sp=0x000000d9cebf9160
Event: 61.143 Thread 0x000001efe8686800 DEOPT UNPACKING pc=0x000001efd05d662f sp=0x000000d9cebf9020 mode 2
Event: 61.145 Thread 0x000001efe8686800 Uncommon trap: trap_request=0xffffffde fr.pc=0x000001efd81bee18 relative=0x0000000000001db8
Event: 61.145 Thread 0x000001efe8686800 Uncommon trap: reason=class_check action=maybe_recompile pc=0x000001efd81bee18 method=java.io.BufferedInputStream.read([BII)I @ 101 c2
Event: 61.145 Thread 0x000001efe8686800 DEOPT PACKING pc=0x000001efd81bee18 sp=0x000000d9cebf9160
Event: 61.145 Thread 0x000001efe8686800 DEOPT UNPACKING pc=0x000001efd05d662f sp=0x000000d9cebf9020 mode 2

Classes redefined (0 events):
No events

Internal exceptions (20 events):
Event: 25.495 Thread 0x000001efe8686800 Exception <a 'java/lang/NoSuchMethodError'{0x00000000a9a6ee38}: 'java.lang.Object java.lang.invoke.DirectMethodHandle$Holder.invokeVirtual(java.lang.Object, java.lang.Object, java.lang.Object, java.lang.Object, java.lang.Object, java.lang.Object, java.lang.Object, java.lang.Object, java.lang.Object, java.lang.Object, java.lang.Object, java.lang.Object, java.lang.Object, java.lang.Object, java.lang.Object, java.lang.Object, java.lang.Object, java.lang.Object, java.lang.Object, java.lang.Object, java.lang.Ob
Event: 25.696 Thread 0x000001efe8686800 Exception <a 'java/lang/NoSuchMethodError'{0x00000000a9291230}: 'int java.lang.invoke.DirectMethodHandle$Holder.invokeStaticInit(java.lang.Object, java.lang.Object, java.lang.Object)'> (0x00000000a9291230) thrown at [./src/hotspot/share/interpreter/linkResolver.cpp, line 773]
Event: 25.971 Thread 0x000001efe8686800 Exception <a 'java/lang/NoSuchMethodError'{0x00000000a8d23ab8}: 'void java.lang.invoke.DirectMethodHandle$Holder.invokeStaticInit(java.lang.Object, java.lang.Object)'> (0x00000000a8d23ab8) thrown at [./src/hotspot/share/interpreter/linkResolver.cpp, line 773]
Event: 26.213 Thread 0x000001efe8686800 Exception <a 'java/lang/NoSuchMethodError'{0x00000000a88cee80}: 'void java.lang.invoke.DirectMethodHandle$Holder.invokeStatic(java.lang.Object, java.lang.Object, java.lang.Object, java.lang.Object)'> (0x00000000a88cee80) thrown at [./src/hotspot/share/interpreter/linkResolver.cpp, line 773]
Event: 26.218 Thread 0x000001efe8686800 Exception <a 'java/lang/NoSuchMethodError'{0x00000000a88edfb8}: 'int java.lang.invoke.DirectMethodHandle$Holder.invokeVirtual(java.lang.Object, java.lang.Object)'> (0x00000000a88edfb8) thrown at [./src/hotspot/share/interpreter/linkResolver.cpp, line 773]
Event: 26.224 Thread 0x000001efe8686800 Exception <a 'java/lang/NoSuchMethodError'{0x00000000a8715de0}: 'java.lang.Object java.lang.invoke.DirectMethodHandle$Holder.invokeVirtual(java.lang.Object, java.lang.Object, java.lang.Object)'> (0x00000000a8715de0) thrown at [./src/hotspot/share/interpreter/linkResolver.cpp, line 773]
Event: 26.232 Thread 0x000001efe8686800 Exception <a 'java/lang/NoSuchMethodError'{0x00000000a87420f0}: 'int java.lang.invoke.DirectMethodHandle$Holder.invokeVirtual(java.lang.Object, java.lang.Object, java.lang.Object)'> (0x00000000a87420f0) thrown at [./src/hotspot/share/interpreter/linkResolver.cpp, line 773]
Event: 26.328 Thread 0x000001efe8686800 Exception <a 'java/lang/NoSuchMethodError'{0x00000000a86db260}: 'void java.lang.invoke.DirectMethodHandle$Holder.invokeSpecial(java.lang.Object, java.lang.Object)'> (0x00000000a86db260) thrown at [./src/hotspot/share/interpreter/linkResolver.cpp, line 773]
Event: 26.781 Thread 0x000001efe8686800 Exception <a 'java/lang/NoSuchMethodError'{0x00000000abdf5820}: 'java.lang.Object java.lang.invoke.DirectMethodHandle$Holder.invokeSpecialIFC(java.lang.Object, java.lang.Object, java.lang.Object, java.lang.Object)'> (0x00000000abdf5820) thrown at [./src/hotspot/share/interpreter/linkResolver.cpp, line 773]
Event: 27.562 Thread 0x000001efe8686800 Implicit null exception at 0x000001efd814f175 to 0x000001efd814f33c
Event: 27.562 Thread 0x000001efe8686800 Implicit null exception at 0x000001efd814202f to 0x000001efd814209d
Event: 28.130 Thread 0x000001efe8686800 Exception <a 'java/lang/NoSuchMethodError'{0x00000000ab13c558}: 'java.lang.Object java.lang.invoke.DirectMethodHandle$Holder.invokeSpecial(java.lang.Object, java.lang.Object, java.lang.Object, java.lang.Object, java.lang.Object, java.lang.Object, java.lang.Object, java.lang.Object, java.lang.Object, java.lang.Object, java.lang.Object, java.lang.Object, java.lang.Object)'> (0x00000000ab13c558) thrown at [./src/hotspot/share/interpreter/linkResolver.cpp, line 773]
Event: 28.132 Thread 0x000001efe8686800 Exception <a 'java/lang/NoSuchMethodError'{0x00000000ab14d660}: 'java.lang.Object java.lang.invoke.DirectMethodHandle$Holder.invokeSpecial(java.lang.Object, java.lang.Object, java.lang.Object, java.lang.Object, java.lang.Object, java.lang.Object, java.lang.Object, java.lang.Object, java.lang.Object, java.lang.Object, java.lang.Object, java.lang.Object)'> (0x00000000ab14d660) thrown at [./src/hotspot/share/interpreter/linkResolver.cpp, line 773]
Event: 28.133 Thread 0x000001efe8686800 Exception <a 'java/lang/NoSuchMethodError'{0x00000000ab152a30}: 'java.lang.Object java.lang.invoke.Invokers$Holder.linkToTargetMethod(java.lang.Object, java.lang.Object, java.lang.Object, java.lang.Object, java.lang.Object, java.lang.Object, java.lang.Object, java.lang.Object, java.lang.Object, java.lang.Object, java.lang.Object)'> (0x00000000ab152a30) thrown at [./src/hotspot/share/interpreter/linkResolver.cpp, line 773]
Event: 28.244 Thread 0x000001efe8686800 Exception <a 'java/lang/NoSuchMethodError'{0x00000000ab1f2368}: 'java.lang.Object java.lang.invoke.DirectMethodHandle$Holder.invokeSpecial(java.lang.Object, java.lang.Object, java.lang.Object, java.lang.Object, java.lang.Object, java.lang.Object, java.lang.Object, java.lang.Object, java.lang.Object, java.lang.Object, java.lang.Object, java.lang.Object, java.lang.Object, java.lang.Object)'> (0x00000000ab1f2368) thrown at [./src/hotspot/share/interpreter/linkResolver.cpp, line 773]
Event: 28.246 Thread 0x000001efe8686800 Exception <a 'java/lang/NoSuchMethodError'{0x00000000ab003ff8}: 'java.lang.Object java.lang.invoke.Invokers$Holder.linkToTargetMethod(java.lang.Object, java.lang.Object, java.lang.Object, java.lang.Object, java.lang.Object, java.lang.Object, java.lang.Object, java.lang.Object, java.lang.Object, java.lang.Object, java.lang.Object, java.lang.Object)'> (0x00000000ab003ff8) thrown at [./src/hotspot/share/interpreter/linkResolver.cpp, line 773]
Event: 28.979 Thread 0x000001efe8686800 Exception <a 'java/lang/NoSuchMethodError'{0x00000000ab0f1f60}: 'java.lang.Object java.lang.invoke.DirectMethodHandle$Holder.invokeStaticInit(java.lang.Object, java.lang.Object, java.lang.Object, java.lang.Object)'> (0x00000000ab0f1f60) thrown at [./src/hotspot/share/interpreter/linkResolver.cpp, line 773]
Event: 32.339 Thread 0x000001efe8686800 Exception <a 'java/lang/NoSuchMethodError'{0x00000000aa7587a8}: 'java.lang.Object java.lang.invoke.Invokers$Holder.linkToTargetMethod(java.lang.Object, java.lang.Object, java.lang.Object, java.lang.Object, java.lang.Object, java.lang.Object, java.lang.Object, java.lang.Object)'> (0x00000000aa7587a8) thrown at [./src/hotspot/share/interpreter/linkResolver.cpp, line 773]
Event: 32.343 Thread 0x000001efe8686800 Exception <a 'java/lang/NoSuchMethodError'{0x00000000aa7af628}: 'java.lang.Object java.lang.invoke.Invokers$Holder.linkToTargetMethod(java.lang.Object, java.lang.Object, java.lang.Object, java.lang.Object, java.lang.Object, java.lang.Object, java.lang.Object)'> (0x00000000aa7af628) thrown at [./src/hotspot/share/interpreter/linkResolver.cpp, line 773]
Event: 32.348 Thread 0x000001efe8686800 Exception <a 'java/lang/IncompatibleClassChangeError'{0x00000000aa604210}: Found class java.lang.Object, but interface was expected> (0x00000000aa604210) thrown at [./src/hotspot/share/interpreter/linkResolver.cpp, line 839]

Events (20 events):
Event: 61.239 loading class org/codehaus/groovy/reflection/CachedClass$7
Event: 61.239 loading class org/codehaus/groovy/reflection/CachedClass$7 done
Event: 61.240 loading class org/codehaus/groovy/reflection/CachedClass$8
Event: 61.240 loading class org/codehaus/groovy/reflection/CachedClass$8 done
Event: 61.243 loading class java/security/AccessControlException
Event: 61.243 loading class java/security/AccessControlException done
Event: 61.243 Executing VM operation: Deoptimize
Event: 61.244 Executing VM operation: Deoptimize done
Event: 61.244 loading class org/codehaus/groovy/util/ReferenceType$SoftRef
Event: 61.244 loading class org/codehaus/groovy/util/ReferenceType$SoftRef done
Event: 61.245 loading class org/codehaus/groovy/transform/trait/Traits$Implemented
Event: 61.245 loading class org/codehaus/groovy/transform/trait/Traits$Implemented done
Event: 61.249 loading class java/util/stream/IntStream
Event: 61.261 loading class java/util/stream/IntStream done
Event: 61.262 Executing VM operation: RevokeBias
Event: 61.262 Executing VM operation: RevokeBias done
Event: 61.263 loading class org/codehaus/groovy/reflection/CachedClass
Event: 61.263 loading class org/codehaus/groovy/reflection/CachedClass done
Event: 61.263 loading class org/codehaus/groovy/reflection/CachedClass
Event: 61.263 loading class org/codehaus/groovy/reflection/CachedClass done


Dynamic libraries:
0x00007ff73aae0000 - 0x00007ff73aaea000 	C:\Program Files\Android\Android Studio1\jre\bin\java.exe
0x00007ffce1490000 - 0x00007ffce1688000 	C:\WINDOWS\SYSTEM32\ntdll.dll
0x00007ffcdfe40000 - 0x00007ffcdfefd000 	C:\WINDOWS\System32\KERNEL32.DLL
0x00007ffcdec90000 - 0x00007ffcdef5e000 	C:\WINDOWS\System32\KERNELBASE.dll
0x00007ffcdf130000 - 0x00007ffcdf230000 	C:\WINDOWS\System32\ucrtbase.dll
0x00007ffcd9c20000 - 0x00007ffcd9c37000 	C:\Program Files\Android\Android Studio1\jre\bin\VCRUNTIME140.dll
0x00007ffcdb760000 - 0x00007ffcdb779000 	C:\Program Files\Android\Android Studio1\jre\bin\jli.dll
0x00007ffce00b0000 - 0x00007ffce0250000 	C:\WINDOWS\System32\USER32.dll
0x00007ffcdec60000 - 0x00007ffcdec82000 	C:\WINDOWS\System32\win32u.dll
0x00007ffcc08a0000 - 0x00007ffcc0b3a000 	C:\WINDOWS\WinSxS\amd64_microsoft.windows.common-controls_6595b64144ccf1df_6.0.19041.1110_none_60b5254171f9507e\COMCTL32.dll
0x00007ffcdfae0000 - 0x00007ffcdfb0a000 	C:\WINDOWS\System32\GDI32.dll
0x00007ffcdfd90000 - 0x00007ffcdfe2e000 	C:\WINDOWS\System32\msvcrt.dll
0x00007ffcdf3e0000 - 0x00007ffcdf4eb000 	C:\WINDOWS\System32\gdi32full.dll
0x00007ffcdf2f0000 - 0x00007ffcdf38d000 	C:\WINDOWS\System32\msvcp_win.dll
0x00007ffcdfb10000 - 0x00007ffcdfb40000 	C:\WINDOWS\System32\IMM32.DLL
0x00007ffcae000000 - 0x00007ffcae09d000 	C:\Program Files\Android\Android Studio1\jre\bin\msvcp140.dll
0x00007ffc78850000 - 0x00007ffc79325000 	C:\Program Files\Android\Android Studio1\jre\bin\server\jvm.dll
0x00007ffcdf970000 - 0x00007ffcdfa1e000 	C:\WINDOWS\System32\ADVAPI32.dll
0x00007ffcdf4f0000 - 0x00007ffcdf58c000 	C:\WINDOWS\System32\sechost.dll
0x00007ffcdfb40000 - 0x00007ffcdfc65000 	C:\WINDOWS\System32\RPCRT4.dll
0x00007ffcdf700000 - 0x00007ffcdf708000 	C:\WINDOWS\System32\PSAPI.DLL
0x00007ffcdb7a0000 - 0x00007ffcdb7a9000 	C:\WINDOWS\SYSTEM32\WSOCK32.dll
0x00007ffccd4d0000 - 0x00007ffccd4f7000 	C:\WINDOWS\SYSTEM32\WINMM.dll
0x00007ffce0760000 - 0x00007ffce07cb000 	C:\WINDOWS\System32\WS2_32.dll
0x00007ffcd11d0000 - 0x00007ffcd11da000 	C:\WINDOWS\SYSTEM32\VERSION.dll
0x00007ffcdcb40000 - 0x00007ffcdcb52000 	C:\WINDOWS\SYSTEM32\kernel.appcore.dll
0x00007ffcd9c00000 - 0x00007ffcd9c11000 	C:\Program Files\Android\Android Studio1\jre\bin\verify.dll
0x00007ffcd0010000 - 0x00007ffcd01f4000 	C:\WINDOWS\SYSTEM32\DBGHELP.DLL
0x00007ffccfe20000 - 0x00007ffccfe4c000 	C:\WINDOWS\SYSTEM32\dbgcore.DLL
0x00007ffcdf230000 - 0x00007ffcdf2b2000 	C:\WINDOWS\System32\bcryptPrimitives.dll
0x00007ffcd9bd0000 - 0x00007ffcd9bf9000 	C:\Program Files\Android\Android Studio1\jre\bin\java.dll
0x00007ffcdb6f0000 - 0x00007ffcdb6fb000 	C:\Program Files\Android\Android Studio1\jre\bin\jimage.dll
0x00007ffcd9bb0000 - 0x00007ffcd9bc8000 	C:\Program Files\Android\Android Studio1\jre\bin\zip.dll
0x00007ffce0830000 - 0x00007ffce0f74000 	C:\WINDOWS\System32\SHELL32.dll
0x00007ffcdccb0000 - 0x00007ffcdd444000 	C:\WINDOWS\SYSTEM32\windows.storage.dll
0x00007ffce0250000 - 0x00007ffce05a4000 	C:\WINDOWS\System32\combase.dll
0x00007ffcde610000 - 0x00007ffcde640000 	C:\WINDOWS\SYSTEM32\Wldp.dll
0x00007ffcdfa20000 - 0x00007ffcdfacd000 	C:\WINDOWS\System32\SHCORE.dll
0x00007ffce07d0000 - 0x00007ffce0825000 	C:\WINDOWS\System32\shlwapi.dll
0x00007ffcdeaf0000 - 0x00007ffcdeb0f000 	C:\WINDOWS\SYSTEM32\profapi.dll
0x00007ffcd9b90000 - 0x00007ffcd9baa000 	C:\Program Files\Android\Android Studio1\jre\bin\net.dll
0x00007ffcd2260000 - 0x00007ffcd236a000 	C:\WINDOWS\SYSTEM32\WINHTTP.dll
0x00007ffcde370000 - 0x00007ffcde3da000 	C:\WINDOWS\system32\mswsock.dll
0x00007ffcd97e0000 - 0x00007ffcd97f4000 	C:\Program Files\Android\Android Studio1\jre\bin\nio.dll
0x00007ffcba4c0000 - 0x00007ffcba4e7000 	C:\Users\ADMIN\.gradle\native\e1d6ef7f7dcc3fd88c89a11ec53ec762bb8ba0a96d01ffa2cd45eb1d1d8dd5c5\windows-amd64\native-platform.dll
0x00007ffcade70000 - 0x00007ffcadfb4000 	C:\Users\ADMIN\.gradle\native\0d407fdbe67a94daf76414ababcb853783967236a71b16ec16e742cd7a986fd3\windows-amd64\native-platform-file-events.dll
0x00007ffcda380000 - 0x00007ffcda38a000 	C:\Program Files\Android\Android Studio1\jre\bin\management.dll
0x00007ffcd9c70000 - 0x00007ffcd9c7d000 	C:\Program Files\Android\Android Studio1\jre\bin\management_ext.dll
0x00007ffcde570000 - 0x00007ffcde588000 	C:\WINDOWS\SYSTEM32\CRYPTSP.dll
0x00007ffcddc80000 - 0x00007ffcddcb4000 	C:\WINDOWS\system32\rsaenh.dll
0x00007ffcdf2c0000 - 0x00007ffcdf2e7000 	C:\WINDOWS\System32\bcrypt.dll
0x00007ffcdeab0000 - 0x00007ffcdeade000 	C:\WINDOWS\SYSTEM32\USERENV.dll
0x00007ffcde560000 - 0x00007ffcde56c000 	C:\WINDOWS\SYSTEM32\CRYPTBASE.dll
0x00007ffcde010000 - 0x00007ffcde04b000 	C:\WINDOWS\SYSTEM32\IPHLPAPI.DLL
0x00007ffcdfe30000 - 0x00007ffcdfe38000 	C:\WINDOWS\System32\NSI.dll
0x00007ffcd5290000 - 0x00007ffcd52a7000 	C:\WINDOWS\SYSTEM32\dhcpcsvc6.DLL
0x00007ffcd6870000 - 0x00007ffcd688d000 	C:\WINDOWS\SYSTEM32\dhcpcsvc.DLL
0x00007ffcde050000 - 0x00007ffcde11a000 	C:\WINDOWS\SYSTEM32\DNSAPI.dll

dbghelp: loaded successfully - version: 4.0.5 - missing functions: none
symbol engine: initialized successfully - sym options: 0x614 - pdb path: .;C:\Program Files\Android\Android Studio1\jre\bin;C:\WINDOWS\SYSTEM32;C:\WINDOWS\WinSxS\amd64_microsoft.windows.common-controls_6595b64144ccf1df_6.0.19041.1110_none_60b5254171f9507e;C:\Program Files\Android\Android Studio1\jre\bin\server;C:\Users\ADMIN\.gradle\native\e1d6ef7f7dcc3fd88c89a11ec53ec762bb8ba0a96d01ffa2cd45eb1d1d8dd5c5\windows-amd64;C:\Users\ADMIN\.gradle\native\0d407fdbe67a94daf76414ababcb853783967236a71b16ec16e742cd7a986fd3\windows-amd64

VM Arguments:
jvm_args: --add-opens=java.base/java.util=ALL-UNNAMED --add-opens=java.base/java.lang=ALL-UNNAMED --add-opens=java.base/java.lang.invoke=ALL-UNNAMED --add-opens=java.base/java.util=ALL-UNNAMED --add-opens=java.prefs/java.util.prefs=ALL-UNNAMED --add-opens=java.prefs/java.util.prefs=ALL-UNNAMED --add-opens=java.base/java.nio.charset=ALL-UNNAMED --add-opens=java.base/java.net=ALL-UNNAMED --add-opens=java.base/java.util.concurrent.atomic=ALL-UNNAMED -Xmx1536M -Dfile.encoding=windows-1252 -Duser.country=US -Duser.language=en -Duser.variant 
java_command: org.gradle.launcher.daemon.bootstrap.GradleDaemon 7.4
java_class_path (initial): C:\Users\ADMIN\.gradle\wrapper\dists\gradle-7.4-all\aadb4xli5jkdsnukm30eibyiu\gradle-7.4\lib\gradle-launcher-7.4.jar
Launcher Type: SUN_STANDARD

[Global flags]
     intx CICompilerCount                          = 3                                         {product} {ergonomic}
     uint ConcGCThreads                            = 1                                         {product} {ergonomic}
     uint G1ConcRefinementThreads                  = 4                                         {product} {ergonomic}
   size_t G1HeapRegionSize                         = 1048576                                   {product} {ergonomic}
    uintx GCDrainStackTargetSize                   = 64                                        {product} {ergonomic}
   size_t InitialHeapSize                          = 201326592                                 {product} {ergonomic}
   size_t MarkStackSize                            = 4194304                                   {product} {ergonomic}
   size_t MaxHeapSize                              = 1610612736                                {product} {command line}
   size_t MaxNewSize                               = 965738496                                 {product} {ergonomic}
   size_t MinHeapDeltaBytes                        = 1048576                                   {product} {ergonomic}
    uintx NonNMethodCodeHeapSize                   = 5830732                                {pd product} {ergonomic}
    uintx NonProfiledCodeHeapSize                  = 122913754                              {pd product} {ergonomic}
    uintx ProfiledCodeHeapSize                     = 122913754                              {pd product} {ergonomic}
    uintx ReservedCodeCacheSize                    = 251658240                              {pd product} {ergonomic}
     bool SegmentedCodeCache                       = true                                      {product} {ergonomic}
     bool UseCompressedClassPointers               = true                                 {lp64_product} {ergonomic}
     bool UseCompressedOops                        = true                                 {lp64_product} {ergonomic}
     bool UseG1GC                                  = true                                      {product} {ergonomic}
     bool UseLargePagesIndividualAllocation        = false                                  {pd product} {ergonomic}

Logging:
Log output configuration:
 #0: stdout all=warning uptime,level,tags
 #1: stderr all=off uptime,level,tags

Environment Variables:
JAVA_HOME=C:\Program Files\Android\Android Studio1\jre
CLASSPATH=E:\KhasTech\birthday_app_new\android\\gradle\wrapper\gradle-wrapper.jar
PATH=C:\Program Files\Common Files\Oracle\Java\javapath;C:\WINDOWS\system32;C:\WINDOWS;C:\WINDOWS\System32\Wbem;C:\WINDOWS\System32\WindowsPowerShell\v1.0\;C:\WINDOWS\System32\OpenSSH\;C:\Program Files\Git\cmd;C:\Program Files\Microsoft SQL Server\Client SDK\ODBC\170\Tools\Binn\;C:\Program Files\dotnet\;C:\Program Files\Microsoft SQL Server\Client SDK\ODBC\110\Tools\Binn\;C:\Program Files (x86)\Microsoft SQL Server\120\Tools\Binn\;C:\Program Files\Microsoft SQL Server\120\Tools\Binn\;C:\Program Files\Microsoft SQL Server\120\DTS\Binn\;C:\Program Files (x86)\Microsoft SQL Server\120\Tools\Binn\ManagementStudio\;C:\Program Files (x86)\Microsoft SQL Server\120\DTS\Binn\;C:\Users\ADMIN\AppData\Local\Microsoft\WindowsApps;E:\flutter\bin;C:\Program Files\Azure Data Studio\bin;C:\Users\ADMIN\.dotnet\tools;C:\Program Files\Azure Data Studio\bin;C:\Users\ADMIN\AppData\Local\Programs\Microsoft VS Code\bin;;E:\flutter\bin\mingit\cmd
USERNAME=ADMIN
LANG=en_US.UTF-8
OS=Windows_NT
PROCESSOR_IDENTIFIER=Intel64 Family 6 Model 69 Stepping 1, GenuineIntel



---------------  S Y S T E M  ---------------

OS: Windows 10 , 64 bit Build 19041 (10.0.19041.1889)
OS uptime: 0 days 14:55 hours

CPU:total 4 (initial active 4) (2 cores per cpu, 2 threads per core) family 6 model 69 stepping 1 microcode 0x25, cmov, cx8, fxsr, mmx, sse, sse2, sse3, ssse3, sse4.1, sse4.2, popcnt, avx, avx2, aes, clmul, erms, lzcnt, ht, tsc, tscinvbit, bmi1, bmi2, fma

Memory: 4k page, system-wide physical 12189M (1208M free)
TotalPageFile size 15053M (AvailPageFile size 431M)
current process WorkingSet (physical memory assigned to process): 195M, peak: 224M
current process commit charge ("private bytes"): 329M, peak: 358M

vm_info: OpenJDK 64-Bit Server VM (11.0.11+9-b60-7590822) for windows-amd64 JRE (11.0.11+9-b60-7590822), built on Jul 29 2021 21:43:44 by "builder" with MS VC++ 14.0 (VS2015)

END.
